<<<<<<< HEAD
\BOOKMARK [1][-]{section.1}{Experimentelles}{}% 1
\BOOKMARK [2][-]{subsection.1.1}{Experimenteller Aufbau}{section.1}% 2
\BOOKMARK [2][-]{subsection.1.2}{Durchf\374hrung}{section.1}% 3
\BOOKMARK [1][-]{section.2}{Auswertung}{}% 4
\BOOKMARK [2][-]{subsection.2.1}{Messergebnisse}{section.2}% 5
\BOOKMARK [2][-]{subsection.2.2}{Bestimmung von f}{section.2}% 6
\BOOKMARK [2][-]{subsection.2.3}{Berechnung cp\(T\)}{section.2}% 7
\BOOKMARK [2][-]{subsection.2.4}{Berechnung von cp\(T\)}{section.2}% 8
\BOOKMARK [2][-]{subsection.2.5}{Berechnung von cV\(T\) nach Debye}{section.2}% 9
\BOOKMARK [2][-]{subsection.2.6}{Berechnung der zugeh\366rigen <D>-Werte}{section.2}% 10
\BOOKMARK [2][-]{subsection.2.7}{Auftragung TD}{section.2}% 11
\BOOKMARK [1][-]{section.3}{Diskussion}{}% 12
\BOOKMARK [2][-]{subsection.3.1}{Literaturverzeichnis}{section.3}% 13
=======
\BOOKMARK [1][-]{section.1}{Experimenteller Aufbau}{}% 1
\BOOKMARK [1][-]{section.2}{Auswertung}{}% 2
\BOOKMARK [2][-]{subsection.2.1}{Bestimmung von \040T}{section.2}% 3
\BOOKMARK [2][-]{subsection.2.2}{Bestimmung von f}{section.2}% 4
\BOOKMARK [2][-]{subsection.2.3}{Berechnung cp\(T\)}{section.2}% 5
\BOOKMARK [2][-]{subsection.2.4}{Berechnung von cV\(T\) nach Debye}{section.2}% 6
\BOOKMARK [2][-]{subsection.2.5}{Berechnung der zugeh\366rigen <D>-Werte}{section.2}% 7
\BOOKMARK [2][-]{subsection.2.6}{Auftragung TD}{section.2}% 8
\BOOKMARK [1][-]{section.3}{Diskussion}{}% 9
\BOOKMARK [2][-]{subsection.3.1}{Literaturverzeichnis}{section.3}% 10
>>>>>>> origin/master
